Arguments: 
  /Users/bench/.nvm/versions/node/v12.13.0/bin/node /usr/local/Cellar/yarn/1.19.1/libexec/bin/yarn.js add urllib2 -W

PATH: 
  /Users/bench/.nvm/versions/node/v12.13.0/bin:/usr/local/bin:/usr/bin:/bin:/usr/sbin:/sbin:/usr/local/share/dotnet:~/.dotnet/tools:/Library/Frameworks/Mono.framework/Versions/Current/Commands:/Users/bench/Library/Android/sdk/emulator:/Users/bench/Library/Android/sdk/tools:/Users/bench/Library/Android/sdk/tools/bin:/Users/bench/Library/Android/sdk/platform-tools:/Users/bench/Library/Android/sdk/emulator:/Users/bench/Library/Android/sdk/tools:/Users/bench/Library/Android/sdk/tools/bin:/Users/bench/Library/Android/sdk/platform-tools

Yarn version: 
  1.19.1

Node version: 
  12.13.0

Platform: 
  darwin x64

Trace: 
  Error: https://registry.yarnpkg.com/urllib2: Not found
      at Request.params.callback [as _callback] (/usr/local/Cellar/yarn/1.19.1/libexec/lib/cli.js:66926:18)
      at Request.self.callback (/usr/local/Cellar/yarn/1.19.1/libexec/lib/cli.js:140564:22)
      at Request.emit (events.js:210:5)
      at Request.<anonymous> (/usr/local/Cellar/yarn/1.19.1/libexec/lib/cli.js:141536:10)
      at Request.emit (events.js:210:5)
      at IncomingMessage.<anonymous> (/usr/local/Cellar/yarn/1.19.1/libexec/lib/cli.js:141458:12)
      at Object.onceWrapper (events.js:299:28)
      at IncomingMessage.emit (events.js:215:7)
      at endReadableNT (_stream_readable.js:1183:12)
      at processTicksAndRejections (internal/process/task_queues.js:80:21)

npm manifest: 
  {
      "name": "snow-vue",
      "private": true,
      "workspaces": [
          "app",
          "api"
      ],
      "scripts": {
          "start": "yarn workspaces run start",
          "start:app": "yarn workspace app start",
          "start:api": "yarn workspace api start",
          "test": "yarn workspaces run test",
          "test:app": "yarn workspace app test",
          "test:api": "yarn workspace api test",
          "build": "yarn workspaces run build",
          "build:app": "yarn workspace app build",
          "build:api": "yarn workspace api build",
          "deploy": "yarn workspaces run deploy",
          "deploy:app": "yarn workspace app deploy",
          "deploy:api": "yarn workspace api deploy"
      },
      "dependencies": {
          "vue": "^2.6.10"
      }
  }

yarn manifest: 
  No manifest

Lockfile: 
  # THIS IS AN AUTOGENERATED FILE. DO NOT EDIT THIS FILE DIRECTLY.
  # yarn lockfile v1
  
  
  vue@^2.6.10:
    version "2.6.10"
    resolved "https://registry.yarnpkg.com/vue/-/vue-2.6.10.tgz#a72b1a42a4d82a721ea438d1b6bf55e66195c637"
    integrity sha512-ImThpeNU9HbdZL3utgMCq0oiMzAkt1mcgy3/E6zWC/G6AaQoeuFdsl9nDhTDU3X1R6FK7nsIUuRACVcjI+A2GQ==
